D:\projekty\DataBaseArticleMenager\DataBaseArticleMenager\Debug\cl.command.1.tlog
D:\projekty\DataBaseArticleMenager\DataBaseArticleMenager\Debug\CL.read.1.tlog
D:\projekty\DataBaseArticleMenager\DataBaseArticleMenager\Debug\CL.write.1.tlog
D:\projekty\DataBaseArticleMenager\DataBaseArticleMenager\Debug\DataBaseArticleMenager.exe.intermediate.manifest
D:\projekty\DataBaseArticleMenager\DataBaseArticleMenager\Debug\DataBaseArticleMenager.vcxprojResolveAssemblyReference.cache
D:\projekty\DataBaseArticleMenager\DataBaseArticleMenager\Debug\DataBaseArticleMenager.write.1.tlog
D:\projekty\DataBaseArticleMenager\DataBaseArticleMenager\Debug\DBAMng.obj
D:\projekty\DataBaseArticleMenager\DataBaseArticleMenager\Debug\link.command.1.tlog
D:\projekty\DataBaseArticleMenager\DataBaseArticleMenager\Debug\link.read.1.tlog
D:\projekty\DataBaseArticleMenager\DataBaseArticleMenager\Debug\link.write.1.tlog
D:\projekty\DataBaseArticleMenager\DataBaseArticleMenager\Debug\link-cvtres.read.1.tlog
D:\projekty\DataBaseArticleMenager\DataBaseArticleMenager\Debug\link-cvtres.write.1.tlog
D:\projekty\DataBaseArticleMenager\DataBaseArticleMenager\Debug\mt.command.1.tlog
D:\projekty\DataBaseArticleMenager\DataBaseArticleMenager\Debug\mt.read.1.tlog
D:\projekty\DataBaseArticleMenager\DataBaseArticleMenager\Debug\mt.write.1.tlog
D:\projekty\DataBaseArticleMenager\DataBaseArticleMenager\Debug\rc.command.1.tlog
D:\projekty\DataBaseArticleMenager\DataBaseArticleMenager\Debug\rc.read.1.tlog
D:\projekty\DataBaseArticleMenager\DataBaseArticleMenager\Debug\rc.write.1.tlog
D:\projekty\DataBaseArticleMenager\DataBaseArticleMenager\Debug\Res.res
D:\projekty\DataBaseArticleMenager\DataBaseArticleMenager\Debug\vc100.idb
D:\projekty\DataBaseArticleMenager\DataBaseArticleMenager\Debug\vc100.pdb
D:\projekty\DataBaseArticleMenager\Debug\DataBaseArticleMenager.exe
D:\projekty\DataBaseArticleMenager\Debug\DataBaseArticleMenager.ilk
D:\projekty\DataBaseArticleMenager\Debug\DataBaseArticleMenager.pdb
E:\PROJEKTY\DATABASEARTICLEMENAGER\DATABASEARTICLEMENAGER\DEBUG\DATABASEARTICLEMENAGER.EXE.INTERMEDIATE.MANIFEST
E:\PROJEKTY\DATABASEARTICLEMENAGER\DATABASEARTICLEMENAGER\DEBUG\DBAMNG.OBJ
E:\PROJEKTY\DATABASEARTICLEMENAGER\DATABASEARTICLEMENAGER\DEBUG\RES.RES
E:\PROJEKTY\DATABASEARTICLEMENAGER\DATABASEARTICLEMENAGER\DEBUG\VC100.PDB
E:\PROJEKTY\DATABASEARTICLEMENAGER\DEBUG\DATABASEARTICLEMENAGER.EXE
E:\PROJEKTY\DATABASEARTICLEMENAGER\DEBUG\DATABASEARTICLEMENAGER.ILK
E:\PROJEKTY\DATABASEARTICLEMENAGER\DEBUG\DATABASEARTICLEMENAGER.PDB
