Build started 2017-02-03 17:41:36.
     1>Project "E:\projekty\DataBaseArticleMenager\dll\fisk\fisk\fisk.vcxproj" on node 2 (build target(s)).
     1>InitializeBuildStatus:
         Creating "Debug\fisk.unsuccessfulbuild" because "AlwaysCreate" was specified.
       ClCompile:
         C:\Program Files (x86)\Microsoft Visual Studio 10.0\VC\bin\CL.exe /c /ZI /nologo /W3 /WX- /Od /Oy- /D _WINDLL /D _MBCS /Gm /EHsc /RTC1 /MDd /GS /fp:precise /Zc:wchar_t /Zc:forScope /Fo"Debug\\" /Fd"Debug\vc100.pdb" /Gd /TP /analyze- /errorReport:prompt fisk.cpp
         fisk.cpp
     1>e:\projekty\databasearticlemenager\dll\fisk\fisk\fisk.cpp(90): warning C4101: 'i' : unreferenced local variable
       Link:
         C:\Program Files (x86)\Microsoft Visual Studio 10.0\VC\bin\link.exe /ERRORREPORT:PROMPT /OUT:"E:\projekty\DataBaseArticleMenager\dll\fisk\Debug\fisk.dll" /NOLOGO kernel32.lib user32.lib gdi32.lib winspool.lib comdlg32.lib advapi32.lib shell32.lib ole32.lib oleaut32.lib uuid.lib odbc32.lib odbccp32.lib /MANIFEST /ManifestFile:"Debug\fisk.dll.intermediate.manifest" /MANIFESTUAC:"level='asInvoker' uiAccess='false'" /DEBUG /PDB:"E:\projekty\DataBaseArticleMenager\dll\fisk\Debug\fisk.pdb" /TLBID:1 /DYNAMICBASE /NXCOMPAT /IMPLIB:"E:\projekty\DataBaseArticleMenager\dll\fisk\Debug\fisk.lib" /MACHINE:X86 /DLL Debug\fisk.obj
         LINK : E:\projekty\DataBaseArticleMenager\dll\fisk\Debug\fisk.dll not found or not built by the last incremental link; performing full link
            Creating library E:\projekty\DataBaseArticleMenager\dll\fisk\Debug\fisk.lib and object E:\projekty\DataBaseArticleMenager\dll\fisk\Debug\fisk.exp
         fisk.vcxproj -> E:\projekty\DataBaseArticleMenager\dll\fisk\Debug\fisk.dll
       Manifest:
         C:\Program Files (x86)\Microsoft SDKs\Windows\v7.0A\bin\mt.exe /nologo /verbose /outputresource:"E:\projekty\DataBaseArticleMenager\dll\fisk\Debug\fisk.dll;#2" /manifest Debug\fisk.dll.intermediate.manifest
       FinalizeBuildStatus:
         Deleting file "Debug\fisk.unsuccessfulbuild".
         Touching "Debug\fisk.lastbuildstate".
     1>Done Building Project "E:\projekty\DataBaseArticleMenager\dll\fisk\fisk\fisk.vcxproj" (build target(s)).

Build succeeded.

Time Elapsed 00:00:02.01
