E:\PROJEKTY\INSTALACJE\ARTICLEMENAGER\ARTICLEMENAGER\DEBUG\ART_M.OBJ
E:\PROJEKTY\INSTALACJE\ARTICLEMENAGER\ARTICLEMENAGER\DEBUG\ARTICLEMENAGER.EXE.INTERMEDIATE.MANIFEST
E:\projekty\Instalacje\ArticleMenager\ArticleMenager\Debug\ArticleMenager.vcxprojResolveAssemblyReference.cache
E:\projekty\Instalacje\ArticleMenager\ArticleMenager\Debug\ArticleMenager.write.1.tlog
E:\projekty\Instalacje\ArticleMenager\ArticleMenager\Debug\cl.command.1.tlog
E:\projekty\Instalacje\ArticleMenager\ArticleMenager\Debug\CL.read.1.tlog
E:\projekty\Instalacje\ArticleMenager\ArticleMenager\Debug\CL.write.1.tlog
E:\projekty\Instalacje\ArticleMenager\ArticleMenager\Debug\link.command.1.tlog
E:\projekty\Instalacje\ArticleMenager\ArticleMenager\Debug\link.read.1.tlog
E:\projekty\Instalacje\ArticleMenager\ArticleMenager\Debug\link.write.1.tlog
E:\projekty\Instalacje\ArticleMenager\ArticleMenager\Debug\link-cvtres.read.1.tlog
E:\projekty\Instalacje\ArticleMenager\ArticleMenager\Debug\link-cvtres.write.1.tlog
E:\projekty\Instalacje\ArticleMenager\ArticleMenager\Debug\mt.command.1.tlog
E:\projekty\Instalacje\ArticleMenager\ArticleMenager\Debug\mt.read.1.tlog
E:\projekty\Instalacje\ArticleMenager\ArticleMenager\Debug\mt.write.1.tlog
E:\projekty\Instalacje\ArticleMenager\ArticleMenager\Debug\rc.command.1.tlog
E:\projekty\Instalacje\ArticleMenager\ArticleMenager\Debug\rc.read.1.tlog
E:\projekty\Instalacje\ArticleMenager\ArticleMenager\Debug\rc.write.1.tlog
E:\PROJEKTY\INSTALACJE\ARTICLEMENAGER\ARTICLEMENAGER\DEBUG\RESOURCE.RES
E:\projekty\Instalacje\ArticleMenager\ArticleMenager\Debug\vc100.idb
E:\PROJEKTY\INSTALACJE\ARTICLEMENAGER\ARTICLEMENAGER\DEBUG\VC100.PDB
E:\PROJEKTY\INSTALACJE\ARTICLEMENAGER\DEBUG\ARTICLEMENAGER.EXE
E:\PROJEKTY\INSTALACJE\ARTICLEMENAGER\DEBUG\ARTICLEMENAGER.ILK
E:\PROJEKTY\INSTALACJE\ARTICLEMENAGER\DEBUG\ARTICLEMENAGER.PDB
