Build started 2017-01-30 14:10:03.
     1>Project "F:\Projekty\DataBaseArticleMenager\dll\DAM\DAM\DAM.vcxproj" on node 2 (build target(s)).
     1>InitializeBuildStatus:
         Creating "Debug\DAM.unsuccessfulbuild" because "AlwaysCreate" was specified.
       ClCompile:
         c:\Program Files (x86)\Microsoft Visual Studio 10.0\VC\bin\CL.exe /c /ZI /nologo /W3 /WX- /Od /Oy- /D _WINDLL /D _MBCS /Gm /EHsc /RTC1 /MDd /GS /fp:precise /Zc:wchar_t /Zc:forScope /Fo"Debug\\" /Fd"Debug\vc100.pdb" /Gd /TP /analyze- /errorReport:prompt DAM.cpp
         DAM.cpp
       Link:
         c:\Program Files (x86)\Microsoft Visual Studio 10.0\VC\bin\link.exe /ERRORREPORT:PROMPT /OUT:"F:\Projekty\DataBaseArticleMenager\dll\DAM\Debug\DAM.dll" /NOLOGO kernel32.lib user32.lib gdi32.lib winspool.lib comdlg32.lib advapi32.lib shell32.lib ole32.lib oleaut32.lib uuid.lib odbc32.lib odbccp32.lib /MANIFEST /ManifestFile:"Debug\DAM.dll.intermediate.manifest" /MANIFESTUAC:"level='asInvoker' uiAccess='false'" /DEBUG /PDB:"F:\Projekty\DataBaseArticleMenager\dll\DAM\Debug\DAM.pdb" /TLBID:1 /DYNAMICBASE /NXCOMPAT /IMPLIB:"F:\Projekty\DataBaseArticleMenager\dll\DAM\Debug\DAM.lib" /MACHINE:X86 /DLL Debug\DAM.obj
         LINK : F:\Projekty\DataBaseArticleMenager\dll\DAM\Debug\DAM.dll not found or not built by the last incremental link; performing full link
            Creating library F:\Projekty\DataBaseArticleMenager\dll\DAM\Debug\DAM.lib and object F:\Projekty\DataBaseArticleMenager\dll\DAM\Debug\DAM.exp
         DAM.vcxproj -> F:\Projekty\DataBaseArticleMenager\dll\DAM\Debug\DAM.dll
       Manifest:
         C:\Program Files (x86)\Microsoft SDKs\Windows\v7.0A\bin\mt.exe /nologo /verbose /outputresource:"F:\Projekty\DataBaseArticleMenager\dll\DAM\Debug\DAM.dll;#2" /manifest Debug\DAM.dll.intermediate.manifest
       FinalizeBuildStatus:
         Deleting file "Debug\DAM.unsuccessfulbuild".
         Touching "Debug\DAM.lastbuildstate".
     1>Done Building Project "F:\Projekty\DataBaseArticleMenager\dll\DAM\DAM\DAM.vcxproj" (build target(s)).

Build succeeded.

Time Elapsed 00:00:02.09
