F:\Projekty\DataBaseArticleMenager\dll\DAM\DAM\Debug\cl.command.1.tlog
F:\Projekty\DataBaseArticleMenager\dll\DAM\DAM\Debug\CL.read.1.tlog
F:\Projekty\DataBaseArticleMenager\dll\DAM\DAM\Debug\CL.write.1.tlog
F:\Projekty\DataBaseArticleMenager\dll\DAM\DAM\Debug\DAM.dll.intermediate.manifest
F:\Projekty\DataBaseArticleMenager\dll\DAM\DAM\Debug\DAM.obj
F:\Projekty\DataBaseArticleMenager\dll\DAM\DAM\Debug\DAM.write.1.tlog
F:\Projekty\DataBaseArticleMenager\dll\DAM\DAM\Debug\link.command.1.tlog
F:\Projekty\DataBaseArticleMenager\dll\DAM\DAM\Debug\link.read.1.tlog
F:\Projekty\DataBaseArticleMenager\dll\DAM\DAM\Debug\link.write.1.tlog
F:\Projekty\DataBaseArticleMenager\dll\DAM\DAM\Debug\mt.command.1.tlog
F:\Projekty\DataBaseArticleMenager\dll\DAM\DAM\Debug\mt.read.1.tlog
F:\Projekty\DataBaseArticleMenager\dll\DAM\DAM\Debug\mt.write.1.tlog
F:\Projekty\DataBaseArticleMenager\dll\DAM\DAM\Debug\vc100.idb
F:\Projekty\DataBaseArticleMenager\dll\DAM\DAM\Debug\vc100.pdb
F:\Projekty\DataBaseArticleMenager\dll\DAM\Debug\DAM.dll
F:\Projekty\DataBaseArticleMenager\dll\DAM\Debug\DAM.ilk
F:\Projekty\DataBaseArticleMenager\dll\DAM\Debug\DAM.pdb
F:\PROJEKTY\DLL\DAM\DAM\DEBUG\DAM.DLL.INTERMEDIATE.MANIFEST
F:\PROJEKTY\DLL\DAM\DAM\DEBUG\DAM.OBJ
F:\PROJEKTY\DLL\DAM\DAM\DEBUG\VC100.PDB
F:\PROJEKTY\DLL\DAM\DEBUG\DAM.DLL
F:\Projekty\dll\DAM\Debug\DAM.exp
F:\PROJEKTY\DLL\DAM\DEBUG\DAM.ILK
F:\Projekty\dll\DAM\Debug\DAM.lib
F:\PROJEKTY\DLL\DAM\DEBUG\DAM.PDB
